{"/Users/mac/Desktop/chatApp/frontend/src/App.tsx": {"path":"/Users/mac/Desktop/chatApp/frontend/src/App.tsx","statementMap":{"0":{"start":{"line":1,"column":0},"end":{"line":1,"column":19}},"1":{"start":{"line":2,"column":0},"end":{"line":2,"column":41}},"2":{"start":{"line":3,"column":0},"end":{"line":3,"column":40}},"3":{"start":{"line":4,"column":0},"end":{"line":4,"column":40}},"4":{"start":{"line":5,"column":0},"end":{"line":5,"column":48}},"5":{"start":{"line":6,"column":12},"end":{"line":14,"column":1}},"6":{"start":{"line":7,"column":2},"end":{"line":13,"column":null}},"7":{"start":{"line":16,"column":0},"end":{"line":16,"column":19}}},"fnMap":{"0":{"name":"(anonymous_0)","decl":{"start":{"line":6,"column":12},"end":{"line":6,"column":15}},"loc":{"start":{"line":6,"column":17},"end":{"line":14,"column":1}}}},"branchMap":{},"s":{"0":0,"1":0,"2":0,"3":0,"4":0,"5":0,"6":0,"7":0},"f":{"0":0},"b":{}}
,"/Users/mac/Desktop/chatApp/frontend/src/main.tsx": {"path":"/Users/mac/Desktop/chatApp/frontend/src/main.tsx","statementMap":{"0":{"start":{"line":1,"column":0},"end":{"line":1,"column":35}},"1":{"start":{"line":2,"column":0},"end":{"line":2,"column":46}},"2":{"start":{"line":3,"column":0},"end":{"line":3,"column":21}},"3":{"start":{"line":4,"column":0},"end":{"line":4,"column":28}},"4":{"start":{"line":5,"column":0},"end":{"line":5,"column":56}},"5":{"start":{"line":6,"column":0},"end":{"line":6,"column":49}},"6":{"start":{"line":8,"column":0},"end":{"line":16,"column":2}}},"fnMap":{},"branchMap":{},"s":{"0":0,"1":0,"2":0,"3":0,"4":0,"5":0,"6":0},"f":{},"b":{}}
,"/Users/mac/Desktop/chatApp/frontend/src/vite-env.d.ts": {"path":"/Users/mac/Desktop/chatApp/frontend/src/vite-env.d.ts","statementMap":{},"fnMap":{},"branchMap":{},"s":{},"f":{},"b":{}}
,"/Users/mac/Desktop/chatApp/frontend/src/Pages/ChatPage.tsx": {"path":"/Users/mac/Desktop/chatApp/frontend/src/Pages/ChatPage.tsx","statementMap":{"0":{"start":{"line":1,"column":15},"end":{"line":3,"column":1}},"1":{"start":{"line":2,"column":4},"end":{"line":2,"column":null}},"2":{"start":{"line":5,"column":0},"end":{"line":5,"column":null}}},"fnMap":{"0":{"name":"(anonymous_0)","decl":{"start":{"line":1,"column":15},"end":{"line":1,"column":17}},"loc":{"start":{"line":1,"column":19},"end":{"line":3,"column":1}}}},"branchMap":{},"s":{"0":0,"1":0,"2":0},"f":{"0":0},"b":{}}
,"/Users/mac/Desktop/chatApp/frontend/src/Pages/HomePage.tsx": {"path":"/Users/mac/Desktop/chatApp/frontend/src/Pages/HomePage.tsx","statementMap":{"0":{"start":{"line":1,"column":0},"end":{"line":1,"column":45}},"1":{"start":{"line":2,"column":0},"end":{"line":2,"column":39}},"2":{"start":{"line":3,"column":0},"end":{"line":3,"column":40}},"3":{"start":{"line":4,"column":0},"end":{"line":4,"column":40}},"4":{"start":{"line":5,"column":0},"end":{"line":5,"column":55}},"5":{"start":{"line":6,"column":0},"end":{"line":6,"column":57}},"6":{"start":{"line":8,"column":17},"end":{"line":56,"column":1}},"7":{"start":{"line":9,"column":2},"end":{"line":55,"column":4}},"8":{"start":{"line":58,"column":0},"end":{"line":58,"column":24}}},"fnMap":{"0":{"name":"(anonymous_0)","decl":{"start":{"line":8,"column":17},"end":{"line":8,"column":20}},"loc":{"start":{"line":8,"column":22},"end":{"line":56,"column":1}}}},"branchMap":{},"s":{"0":0,"1":0,"2":0,"3":0,"4":0,"5":0,"6":0,"7":0,"8":0},"f":{"0":0},"b":{}}
,"/Users/mac/Desktop/chatApp/frontend/src/components/Authentication/Login.tsx": {"path":"/Users/mac/Desktop/chatApp/frontend/src/components/Authentication/Login.tsx","statementMap":{"0":{"start":{"line":1,"column":0},"end":{"line":1,"column":42}},"1":{"start":{"line":2,"column":0},"end":{"line":2,"column":66}},"2":{"start":{"line":3,"column":0},"end":{"line":3,"column":33}},"3":{"start":{"line":4,"column":0},"end":{"line":4,"column":53}},"4":{"start":{"line":5,"column":0},"end":{"line":5,"column":40}},"5":{"start":{"line":6,"column":0},"end":{"line":6,"column":25}},"6":{"start":{"line":7,"column":0},"end":{"line":7,"column":46}},"7":{"start":{"line":19,"column":14},"end":{"line":137,"column":1}},"8":{"start":{"line":20,"column":28},"end":{"line":20,"column":48}},"9":{"start":{"line":21,"column":34},"end":{"line":21,"column":54}},"10":{"start":{"line":22,"column":32},"end":{"line":22,"column":56}},"11":{"start":{"line":24,"column":16},"end":{"line":24,"column":28}},"12":{"start":{"line":26,"column":24},"end":{"line":80,"column":3}},"13":{"start":{"line":27,"column":4},"end":{"line":27,"column":34}},"14":{"start":{"line":28,"column":4},"end":{"line":28,"column":21}},"15":{"start":{"line":30,"column":4},"end":{"line":39,"column":5}},"16":{"start":{"line":31,"column":6},"end":{"line":36,"column":9}},"17":{"start":{"line":37,"column":6},"end":{"line":37,"column":24}},"18":{"start":{"line":38,"column":6},"end":{"line":38,"column":13}},"19":{"start":{"line":41,"column":4},"end":{"line":79,"column":5}},"20":{"start":{"line":42,"column":23},"end":{"line":45,"column":8}},"21":{"start":{"line":47,"column":6},"end":{"line":52,"column":9}},"22":{"start":{"line":54,"column":6},"end":{"line":54,"column":61}},"23":{"start":{"line":55,"column":6},"end":{"line":55,"column":24}},"24":{"start":{"line":56,"column":6},"end":{"line":56,"column":29}},"25":{"start":{"line":58,"column":6},"end":{"line":76,"column":7}},"26":{"start":{"line":69,"column":8},"end":{"line":75,"column":11}},"27":{"start":{"line":78,"column":6},"end":{"line":78,"column":24}},"28":{"start":{"line":82,"column":2},"end":{"line":136,"column":4}},"29":{"start":{"line":92,"column":31},"end":{"line":92,"column":55}},"30":{"start":{"line":103,"column":31},"end":{"line":103,"column":58}},"31":{"start":{"line":128,"column":12},"end":{"line":128,"column":42}},"32":{"start":{"line":129,"column":12},"end":{"line":129,"column":34}},"33":{"start":{"line":139,"column":0},"end":{"line":139,"column":21}}},"fnMap":{"0":{"name":"(anonymous_0)","decl":{"start":{"line":19,"column":14},"end":{"line":19,"column":17}},"loc":{"start":{"line":19,"column":19},"end":{"line":137,"column":1}}},"1":{"name":"(anonymous_1)","decl":{"start":{"line":26,"column":24},"end":{"line":26,"column":29}},"loc":{"start":{"line":26,"column":34},"end":{"line":80,"column":3}}},"2":{"name":"(anonymous_2)","decl":{"start":{"line":92,"column":24},"end":{"line":92,"column":25}},"loc":{"start":{"line":92,"column":31},"end":{"line":92,"column":55}}},"3":{"name":"(anonymous_3)","decl":{"start":{"line":103,"column":24},"end":{"line":103,"column":25}},"loc":{"start":{"line":103,"column":31},"end":{"line":103,"column":58}}},"4":{"name":"(anonymous_4)","decl":{"start":{"line":127,"column":19},"end":{"line":127,"column":22}},"loc":{"start":{"line":127,"column":24},"end":{"line":130,"column":11}}}},"branchMap":{"0":{"loc":{"start":{"line":30,"column":4},"end":{"line":39,"column":5}},"type":"if","locations":[{"start":{"line":30,"column":4},"end":{"line":39,"column":5}},{"start":{},"end":{}}]},"1":{"loc":{"start":{"line":30,"column":9},"end":{"line":30,"column":28}},"type":"binary-expr","locations":[{"start":{"line":30,"column":9},"end":{"line":30,"column":15}},{"start":{"line":30,"column":19},"end":{"line":30,"column":28}}]},"2":{"loc":{"start":{"line":58,"column":6},"end":{"line":76,"column":7}},"type":"if","locations":[{"start":{"line":58,"column":6},"end":{"line":76,"column":7}},{"start":{},"end":{}}]},"3":{"loc":{"start":{"line":59,"column":8},"end":{"line":67,"column":40}},"type":"binary-expr","locations":[{"start":{"line":59,"column":8},"end":{"line":59,"column":33}},{"start":{"line":60,"column":8},"end":{"line":60,"column":22}},{"start":{"line":61,"column":8},"end":{"line":61,"column":27}},{"start":{"line":62,"column":8},"end":{"line":62,"column":42}},{"start":{"line":63,"column":8},"end":{"line":63,"column":31}},{"start":{"line":64,"column":8},"end":{"line":64,"column":32}},{"start":{"line":65,"column":8},"end":{"line":65,"column":47}},{"start":{"line":66,"column":8},"end":{"line":66,"column":36}},{"start":{"line":67,"column":8},"end":{"line":67,"column":40}}]}},"s":{"0":1,"1":1,"2":1,"3":1,"4":1,"5":1,"6":1,"7":1,"8":49,"9":49,"10":49,"11":49,"12":49,"13":3,"14":3,"15":3,"16":1,"17":1,"18":1,"19":2,"20":2,"21":1,"22":1,"23":1,"24":1,"25":2,"26":1,"27":2,"28":49,"29":28,"30":11,"31":1,"32":1,"33":1},"f":{"0":49,"1":3,"2":28,"3":11,"4":1},"b":{"0":[1,2],"1":[3,2],"2":[1,1],"3":[2,2,2,1,1,1,1,1,1]}}
,"/Users/mac/Desktop/chatApp/frontend/src/components/Authentication/SignUp.tsx": {"path":"/Users/mac/Desktop/chatApp/frontend/src/components/Authentication/SignUp.tsx","statementMap":{"0":{"start":{"line":1,"column":0},"end":{"line":1,"column":42}},"1":{"start":{"line":2,"column":0},"end":{"line":2,"column":66}},"2":{"start":{"line":3,"column":0},"end":{"line":3,"column":33}},"3":{"start":{"line":4,"column":0},"end":{"line":4,"column":53}},"4":{"start":{"line":5,"column":0},"end":{"line":5,"column":46}},"5":{"start":{"line":6,"column":0},"end":{"line":6,"column":42}},"6":{"start":{"line":7,"column":0},"end":{"line":7,"column":40}},"7":{"start":{"line":8,"column":0},"end":{"line":8,"column":26}},"8":{"start":{"line":9,"column":0},"end":{"line":9,"column":46}},"9":{"start":{"line":23,"column":15},"end":{"line":221,"column":1}},"10":{"start":{"line":27,"column":26},"end":{"line":27,"column":46}},"11":{"start":{"line":28,"column":28},"end":{"line":28,"column":48}},"12":{"start":{"line":29,"column":34},"end":{"line":29,"column":54}},"13":{"start":{"line":30,"column":48},"end":{"line":30,"column":68}},"14":{"start":{"line":31,"column":24},"end":{"line":31,"column":44}},"15":{"start":{"line":32,"column":32},"end":{"line":32,"column":56}},"16":{"start":{"line":35,"column":18},"end":{"line":35,"column":30}},"17":{"start":{"line":38,"column":22},"end":{"line":70,"column":3}},"18":{"start":{"line":39,"column":4},"end":{"line":39,"column":21}},"19":{"start":{"line":40,"column":4},"end":{"line":48,"column":5}},"20":{"start":{"line":41,"column":6},"end":{"line":46,"column":9}},"21":{"start":{"line":47,"column":6},"end":{"line":47,"column":13}},"22":{"start":{"line":50,"column":4},"end":{"line":69,"column":5}},"23":{"start":{"line":51,"column":19},"end":{"line":51,"column":33}},"24":{"start":{"line":52,"column":6},"end":{"line":52,"column":31}},"25":{"start":{"line":53,"column":6},"end":{"line":53,"column":47}},"26":{"start":{"line":55,"column":6},"end":{"line":67,"column":7}},"27":{"start":{"line":56,"column":20},"end":{"line":58,"column":null}},"28":{"start":{"line":60,"column":61},"end":{"line":60,"column":75}},"29":{"start":{"line":61,"column":8},"end":{"line":61,"column":62}},"30":{"start":{"line":62,"column":8},"end":{"line":62,"column":48}},"31":{"start":{"line":63,"column":8},"end":{"line":63,"column":26}},"32":{"start":{"line":65,"column":8},"end":{"line":65,"column":27}},"33":{"start":{"line":66,"column":8},"end":{"line":66,"column":26}},"34":{"start":{"line":68,"column":6},"end":{"line":68,"column":13}},"35":{"start":{"line":72,"column":24},"end":{"line":139,"column":3}},"36":{"start":{"line":73,"column":4},"end":{"line":73,"column":34}},"37":{"start":{"line":74,"column":4},"end":{"line":74,"column":21}},"38":{"start":{"line":76,"column":4},"end":{"line":85,"column":5}},"39":{"start":{"line":77,"column":6},"end":{"line":82,"column":9}},"40":{"start":{"line":83,"column":6},"end":{"line":83,"column":24}},"41":{"start":{"line":84,"column":6},"end":{"line":84,"column":13}},"42":{"start":{"line":87,"column":4},"end":{"line":96,"column":5}},"43":{"start":{"line":88,"column":6},"end":{"line":93,"column":9}},"44":{"start":{"line":94,"column":6},"end":{"line":94,"column":24}},"45":{"start":{"line":95,"column":6},"end":{"line":95,"column":13}},"46":{"start":{"line":98,"column":4},"end":{"line":138,"column":5}},"47":{"start":{"line":99,"column":23},"end":{"line":104,"column":8}},"48":{"start":{"line":106,"column":6},"end":{"line":111,"column":9}},"49":{"start":{"line":113,"column":6},"end":{"line":113,"column":61}},"50":{"start":{"line":114,"column":6},"end":{"line":114,"column":24}},"51":{"start":{"line":115,"column":6},"end":{"line":115,"column":29}},"52":{"start":{"line":117,"column":6},"end":{"line":135,"column":7}},"53":{"start":{"line":128,"column":8},"end":{"line":134,"column":11}},"54":{"start":{"line":137,"column":6},"end":{"line":137,"column":24}},"55":{"start":{"line":141,"column":2},"end":{"line":220,"column":4}},"56":{"start":{"line":150,"column":31},"end":{"line":150,"column":54}},"57":{"start":{"line":162,"column":31},"end":{"line":162,"column":55}},"58":{"start":{"line":173,"column":31},"end":{"line":173,"column":58}},"59":{"start":{"line":184,"column":31},"end":{"line":184,"column":65}},"60":{"start":{"line":196,"column":18},"end":{"line":196,"column":50}},"61":{"start":{"line":223,"column":0},"end":{"line":223,"column":22}}},"fnMap":{"0":{"name":"(anonymous_0)","decl":{"start":{"line":23,"column":15},"end":{"line":23,"column":18}},"loc":{"start":{"line":23,"column":20},"end":{"line":221,"column":1}}},"1":{"name":"(anonymous_1)","decl":{"start":{"line":38,"column":22},"end":{"line":38,"column":27}},"loc":{"start":{"line":38,"column":54},"end":{"line":70,"column":3}}},"2":{"name":"(anonymous_2)","decl":{"start":{"line":72,"column":24},"end":{"line":72,"column":29}},"loc":{"start":{"line":72,"column":35},"end":{"line":139,"column":3}}},"3":{"name":"(anonymous_3)","decl":{"start":{"line":150,"column":24},"end":{"line":150,"column":25}},"loc":{"start":{"line":150,"column":31},"end":{"line":150,"column":54}}},"4":{"name":"(anonymous_4)","decl":{"start":{"line":162,"column":24},"end":{"line":162,"column":25}},"loc":{"start":{"line":162,"column":31},"end":{"line":162,"column":55}}},"5":{"name":"(anonymous_5)","decl":{"start":{"line":173,"column":24},"end":{"line":173,"column":25}},"loc":{"start":{"line":173,"column":31},"end":{"line":173,"column":58}}},"6":{"name":"(anonymous_6)","decl":{"start":{"line":184,"column":24},"end":{"line":184,"column":25}},"loc":{"start":{"line":184,"column":31},"end":{"line":184,"column":65}}},"7":{"name":"(anonymous_7)","decl":{"start":{"line":195,"column":26},"end":{"line":195,"column":27}},"loc":{"start":{"line":196,"column":18},"end":{"line":196,"column":50}}}},"branchMap":{"0":{"loc":{"start":{"line":40,"column":4},"end":{"line":48,"column":5}},"type":"if","locations":[{"start":{"line":40,"column":4},"end":{"line":48,"column":5}},{"start":{},"end":{}}]},"1":{"loc":{"start":{"line":50,"column":4},"end":{"line":69,"column":5}},"type":"if","locations":[{"start":{"line":50,"column":4},"end":{"line":69,"column":5}},{"start":{},"end":{}}]},"2":{"loc":{"start":{"line":50,"column":8},"end":{"line":50,"column":61}},"type":"binary-expr","locations":[{"start":{"line":50,"column":8},"end":{"line":50,"column":33}},{"start":{"line":50,"column":37},"end":{"line":50,"column":61}}]},"3":{"loc":{"start":{"line":76,"column":4},"end":{"line":85,"column":5}},"type":"if","locations":[{"start":{"line":76,"column":4},"end":{"line":85,"column":5}},{"start":{},"end":{}}]},"4":{"loc":{"start":{"line":76,"column":8},"end":{"line":76,"column":56}},"type":"binary-expr","locations":[{"start":{"line":76,"column":8},"end":{"line":76,"column":13}},{"start":{"line":76,"column":17},"end":{"line":76,"column":23}},{"start":{"line":76,"column":27},"end":{"line":76,"column":36}},{"start":{"line":76,"column":40},"end":{"line":76,"column":56}}]},"5":{"loc":{"start":{"line":87,"column":4},"end":{"line":96,"column":5}},"type":"if","locations":[{"start":{"line":87,"column":4},"end":{"line":96,"column":5}},{"start":{},"end":{}}]},"6":{"loc":{"start":{"line":117,"column":6},"end":{"line":135,"column":7}},"type":"if","locations":[{"start":{"line":117,"column":6},"end":{"line":135,"column":7}},{"start":{},"end":{}}]},"7":{"loc":{"start":{"line":118,"column":8},"end":{"line":126,"column":40}},"type":"binary-expr","locations":[{"start":{"line":118,"column":8},"end":{"line":118,"column":33}},{"start":{"line":119,"column":8},"end":{"line":119,"column":22}},{"start":{"line":120,"column":8},"end":{"line":120,"column":27}},{"start":{"line":121,"column":8},"end":{"line":121,"column":42}},{"start":{"line":122,"column":8},"end":{"line":122,"column":31}},{"start":{"line":123,"column":8},"end":{"line":123,"column":32}},{"start":{"line":124,"column":8},"end":{"line":124,"column":47}},{"start":{"line":125,"column":8},"end":{"line":125,"column":36}},{"start":{"line":126,"column":8},"end":{"line":126,"column":40}}]}},"s":{"0":1,"1":1,"2":1,"3":1,"4":1,"5":1,"6":1,"7":1,"8":1,"9":1,"10":183,"11":183,"12":183,"13":183,"14":183,"15":183,"16":183,"17":183,"18":7,"19":7,"20":1,"21":1,"22":6,"23":6,"24":6,"25":6,"26":6,"27":6,"28":4,"29":4,"30":4,"31":4,"32":2,"33":2,"34":6,"35":183,"36":4,"37":4,"38":4,"39":1,"40":1,"41":1,"42":3,"43":1,"44":1,"45":1,"46":2,"47":2,"48":1,"49":1,"50":1,"51":1,"52":2,"53":1,"54":2,"55":183,"56":21,"57":90,"58":24,"59":23,"60":7,"61":1},"f":{"0":183,"1":7,"2":4,"3":21,"4":90,"5":24,"6":23,"7":7},"b":{"0":[1,6],"1":[6,0],"2":[6,6],"3":[1,3],"4":[4,3,3,3],"5":[1,2],"6":[1,1],"7":[2,2,2,1,1,1,1,1,1]}}
,"/Users/mac/Desktop/chatApp/frontend/src/components/ui/color-mode.tsx": {"path":"/Users/mac/Desktop/chatApp/frontend/src/components/ui/color-mode.tsx","statementMap":{"0":{"start":{"line":12,"column":0},"end":{"line":12,"column":16}},"1":{"start":{"line":26,"column":0},"end":{"line":26,"column":16}},"2":{"start":{"line":39,"column":0},"end":{"line":39,"column":16}},"3":{"start":{"line":44,"column":0},"end":{"line":44,"column":16}},"4":{"start":{"line":4,"column":0},"end":{"line":4,"column":73}},"5":{"start":{"line":5,"column":0},"end":{"line":5,"column":53}},"6":{"start":{"line":7,"column":0},"end":{"line":7,"column":30}},"7":{"start":{"line":8,"column":0},"end":{"line":8,"column":46}},"8":{"start":{"line":13,"column":2},"end":{"line":15,"column":null}},"9":{"start":{"line":27,"column":51},"end":{"line":27,"column":61}},"10":{"start":{"line":28,"column":20},"end":{"line":28,"column":48}},"11":{"start":{"line":29,"column":26},"end":{"line":31,"column":3}},"12":{"start":{"line":30,"column":4},"end":{"line":30,"column":null}},"13":{"start":{"line":32,"column":2},"end":{"line":36,"column":null}},"14":{"start":{"line":40,"column":24},"end":{"line":40,"column":38}},"15":{"start":{"line":41,"column":2},"end":{"line":41,"column":null}},"16":{"start":{"line":45,"column":24},"end":{"line":45,"column":38}},"17":{"start":{"line":46,"column":2},"end":{"line":46,"column":null}},"18":{"start":{"line":51,"column":13},"end":{"line":76,"column":null}},"19":{"start":{"line":55,"column":30},"end":{"line":55,"column":44}},"20":{"start":{"line":56,"column":2},"end":{"line":75,"column":null}},"21":{"start":{"line":78,"column":13},"end":{"line":92,"column":null}},"22":{"start":{"line":80,"column":4},"end":{"line":90,"column":null}},"23":{"start":{"line":94,"column":13},"end":{"line":108,"column":null}},"24":{"start":{"line":96,"column":4},"end":{"line":106,"column":null}}},"fnMap":{"0":{"name":"ColorModeProvider","decl":{"start":{"line":12,"column":16},"end":{"line":12,"column":33}},"loc":{"start":{"line":12,"column":63},"end":{"line":16,"column":1}}},"1":{"name":"useColorMode","decl":{"start":{"line":26,"column":16},"end":{"line":26,"column":28}},"loc":{"start":{"line":26,"column":28},"end":{"line":37,"column":1}}},"2":{"name":"(anonymous_2)","decl":{"start":{"line":29,"column":26},"end":{"line":29,"column":29}},"loc":{"start":{"line":29,"column":31},"end":{"line":31,"column":3}}},"3":{"name":"useColorModeValue","decl":{"start":{"line":39,"column":16},"end":{"line":39,"column":33}},"loc":{"start":{"line":39,"column":54},"end":{"line":42,"column":1}}},"4":{"name":"ColorModeIcon","decl":{"start":{"line":44,"column":16},"end":{"line":44,"column":29}},"loc":{"start":{"line":44,"column":29},"end":{"line":47,"column":1}}},"5":{"name":"ColorModeButton","decl":{"start":{"line":54,"column":11},"end":{"line":54,"column":26}},"loc":{"start":{"line":54,"column":37},"end":{"line":76,"column":1}}},"6":{"name":"LightMode","decl":{"start":{"line":79,"column":11},"end":{"line":79,"column":20}},"loc":{"start":{"line":79,"column":31},"end":{"line":91,"column":3}}},"7":{"name":"DarkMode","decl":{"start":{"line":95,"column":11},"end":{"line":95,"column":19}},"loc":{"start":{"line":95,"column":30},"end":{"line":107,"column":3}}}},"branchMap":{"0":{"loc":{"start":{"line":28,"column":20},"end":{"line":28,"column":48}},"type":"binary-expr","locations":[{"start":{"line":28,"column":20},"end":{"line":28,"column":31}},{"start":{"line":28,"column":35},"end":{"line":28,"column":48}}]},"1":{"loc":{"start":{"line":30,"column":13},"end":{"line":30,"column":56}},"type":"cond-expr","locations":[{"start":{"line":30,"column":40},"end":{"line":30,"column":47}},{"start":{"line":30,"column":50},"end":{"line":30,"column":56}}]},"2":{"loc":{"start":{"line":41,"column":9},"end":{"line":41,"column":44}},"type":"cond-expr","locations":[{"start":{"line":41,"column":32},"end":{"line":41,"column":36}},{"start":{"line":41,"column":39},"end":{"line":41,"column":44}}]},"3":{"loc":{"start":{"line":46,"column":9},"end":{"line":46,"column":54}},"type":"cond-expr","locations":[{"start":{"line":46,"column":32},"end":{"line":46,"column":42}},{"start":{"line":46,"column":45},"end":{"line":46,"column":54}}]}},"s":{"0":2,"1":2,"2":2,"3":2,"4":2,"5":2,"6":2,"7":2,"8":13,"9":0,"10":0,"11":0,"12":0,"13":0,"14":0,"15":0,"16":0,"17":0,"18":2,"19":0,"20":0,"21":2,"22":0,"23":2,"24":0},"f":{"0":13,"1":0,"2":0,"3":0,"4":0,"5":0,"6":0,"7":0},"b":{"0":[0,0],"1":[0,0],"2":[0,0],"3":[0,0]}}
,"/Users/mac/Desktop/chatApp/frontend/src/components/ui/password-input.tsx": {"path":"/Users/mac/Desktop/chatApp/frontend/src/components/ui/password-input.tsx","statementMap":{"0":{"start":{"line":9,"column":0},"end":{"line":9,"column":null}},"1":{"start":{"line":19,"column":0},"end":{"line":19,"column":30}},"2":{"start":{"line":20,"column":0},"end":{"line":20,"column":48}},"3":{"start":{"line":35,"column":13},"end":{"line":80,"column":null}},"4":{"start":{"line":46,"column":6},"end":{"line":46,"column":11}},"5":{"start":{"line":48,"column":32},"end":{"line":52,"column":4}},"6":{"start":{"line":54,"column":19},"end":{"line":54,"column":55}},"7":{"start":{"line":56,"column":2},"end":{"line":79,"column":null}},"8":{"start":{"line":62,"column":12},"end":{"line":62,"column":37}},"9":{"start":{"line":62,"column":31},"end":{"line":62,"column":37}},"10":{"start":{"line":63,"column":12},"end":{"line":63,"column":38}},"11":{"start":{"line":63,"column":32},"end":{"line":63,"column":38}},"12":{"start":{"line":64,"column":12},"end":{"line":64,"column":null}},"13":{"start":{"line":65,"column":12},"end":{"line":65,"column":null}},"14":{"start":{"line":82,"column":26},"end":{"line":97,"column":null}},"15":{"start":{"line":84,"column":4},"end":{"line":96,"column":null}},"16":{"start":{"line":105,"column":13},"end":{"line":136,"column":null}},"17":{"start":{"line":109,"column":38},"end":{"line":109,"column":43}},"18":{"start":{"line":111,"column":18},"end":{"line":111,"column":37}},"19":{"start":{"line":112,"column":34},"end":{"line":112,"column":58}},"20":{"start":{"line":114,"column":2},"end":{"line":135,"column":null}},"21":{"start":{"line":118,"column":10},"end":{"line":119,"column":null}},"22":{"start":{"line":139,"column":2},"end":{"line":146,"column":3}},"23":{"start":{"line":141,"column":6},"end":{"line":141,"column":null}},"24":{"start":{"line":143,"column":6},"end":{"line":143,"column":null}},"25":{"start":{"line":145,"column":6},"end":{"line":145,"column":null}}},"fnMap":{"0":{"name":"PasswordInput","decl":{"start":{"line":38,"column":11},"end":{"line":38,"column":24}},"loc":{"start":{"line":38,"column":35},"end":{"line":80,"column":1}}},"1":{"name":"(anonymous_1)","decl":{"start":{"line":61,"column":25},"end":{"line":61,"column":26}},"loc":{"start":{"line":61,"column":31},"end":{"line":66,"column":11}}},"2":{"name":"VisibilityTrigger","decl":{"start":{"line":83,"column":11},"end":{"line":83,"column":28}},"loc":{"start":{"line":83,"column":39},"end":{"line":97,"column":3}}},"3":{"name":"PasswordStrengthMeter","decl":{"start":{"line":108,"column":11},"end":{"line":108,"column":32}},"loc":{"start":{"line":108,"column":43},"end":{"line":136,"column":1}}},"4":{"name":"(anonymous_4)","decl":{"start":{"line":117,"column":41},"end":{"line":117,"column":42}},"loc":{"start":{"line":118,"column":10},"end":{"line":119,"column":null}}},"5":{"name":"getColorPalette","decl":{"start":{"line":138,"column":9},"end":{"line":138,"column":24}},"loc":{"start":{"line":138,"column":40},"end":{"line":147,"column":1}}}},"branchMap":{"0":{"loc":{"start":{"line":44,"column":4},"end":{"line":44,"column":57}},"type":"default-arg","locations":[{"start":{"line":44,"column":21},"end":{"line":44,"column":57}}]},"1":{"loc":{"start":{"line":50,"column":18},"end":{"line":50,"column":41}},"type":"binary-expr","locations":[{"start":{"line":50,"column":18},"end":{"line":50,"column":32}},{"start":{"line":50,"column":36},"end":{"line":50,"column":41}}]},"2":{"loc":{"start":{"line":62,"column":12},"end":{"line":62,"column":37}},"type":"if","locations":[{"start":{"line":62,"column":12},"end":{"line":62,"column":37}},{"start":{},"end":{}}]},"3":{"loc":{"start":{"line":63,"column":12},"end":{"line":63,"column":38}},"type":"if","locations":[{"start":{"line":63,"column":12},"end":{"line":63,"column":38}},{"start":{},"end":{}}]},"4":{"loc":{"start":{"line":68,"column":11},"end":{"line":68,"column":59}},"type":"cond-expr","locations":[{"start":{"line":68,"column":21},"end":{"line":68,"column":39}},{"start":{"line":68,"column":42},"end":{"line":68,"column":59}}]},"5":{"loc":{"start":{"line":76,"column":14},"end":{"line":76,"column":43}},"type":"cond-expr","locations":[{"start":{"line":76,"column":24},"end":{"line":76,"column":30}},{"start":{"line":76,"column":33},"end":{"line":76,"column":43}}]},"6":{"loc":{"start":{"line":109,"column":10},"end":{"line":109,"column":17}},"type":"default-arg","locations":[{"start":{"line":109,"column":16},"end":{"line":109,"column":17}}]},"7":{"loc":{"start":{"line":123,"column":27},"end":{"line":123,"column":57}},"type":"cond-expr","locations":[{"start":{"line":123,"column":43},"end":{"line":123,"column":45}},{"start":{"line":123,"column":48},"end":{"line":123,"column":57}}]},"8":{"loc":{"start":{"line":133,"column":7},"end":{"line":133,"column":55}},"type":"binary-expr","locations":[{"start":{"line":133,"column":7},"end":{"line":133,"column":12}},{"start":{"line":133,"column":16},"end":{"line":133,"column":55}}]},"9":{"loc":{"start":{"line":139,"column":2},"end":{"line":146,"column":3}},"type":"switch","locations":[{"start":{"line":140,"column":4},"end":{"line":141,"column":null}},{"start":{"line":142,"column":4},"end":{"line":143,"column":null}},{"start":{"line":144,"column":4},"end":{"line":145,"column":null}}]}},"s":{"0":2,"1":2,"2":2,"3":2,"4":410,"5":410,"6":410,"7":410,"8":0,"9":0,"10":0,"11":0,"12":0,"13":0,"14":2,"15":410,"16":2,"17":0,"18":0,"19":0,"20":0,"21":0,"22":0,"23":0,"24":0,"25":0},"f":{"0":410,"1":0,"2":410,"3":0,"4":0,"5":0},"b":{"0":[410],"1":[410,410],"2":[0,0],"3":[0,0],"4":[0,410],"5":[0,410],"6":[0],"7":[0,0],"8":[0,0],"9":[0,0,0]}}
,"/Users/mac/Desktop/chatApp/frontend/src/components/ui/provider.tsx": {"path":"/Users/mac/Desktop/chatApp/frontend/src/components/ui/provider.tsx","statementMap":{"0":{"start":{"line":9,"column":0},"end":{"line":9,"column":16}},"1":{"start":{"line":3,"column":0},"end":{"line":3,"column":64}},"2":{"start":{"line":4,"column":0},"end":{"line":4,"column":null}},"3":{"start":{"line":10,"column":2},"end":{"line":14,"column":null}}},"fnMap":{"0":{"name":"Provider","decl":{"start":{"line":9,"column":16},"end":{"line":9,"column":24}},"loc":{"start":{"line":9,"column":54},"end":{"line":15,"column":1}}}},"branchMap":{},"s":{"0":2,"1":2,"2":2,"3":13},"f":{"0":13},"b":{}}
,"/Users/mac/Desktop/chatApp/frontend/src/components/ui/toaster.tsx": {"path":"/Users/mac/Desktop/chatApp/frontend/src/components/ui/toaster.tsx","statementMap":{"0":{"start":{"line":3,"column":0},"end":{"line":3,"column":null}},"1":{"start":{"line":12,"column":13},"end":{"line":21,"column":null}},"2":{"start":{"line":23,"column":23},"end":{"line":49,"column":1}},"3":{"start":{"line":24,"column":2},"end":{"line":48,"column":null}},"4":{"start":{"line":28,"column":10},"end":{"line":43,"column":null}},"5":{"start":{"line":23,"column":13},"end":{"line":23,"column":23}}},"fnMap":{"0":{"name":"(anonymous_0)","decl":{"start":{"line":23,"column":23},"end":{"line":23,"column":26}},"loc":{"start":{"line":23,"column":28},"end":{"line":49,"column":1}}},"1":{"name":"(anonymous_1)","decl":{"start":{"line":27,"column":9},"end":{"line":27,"column":10}},"loc":{"start":{"line":28,"column":10},"end":{"line":43,"column":null}}}},"branchMap":{"0":{"loc":{"start":{"line":29,"column":13},"end":{"line":32,"column":null}},"type":"cond-expr","locations":[{"start":{"line":30,"column":14},"end":{"line":30,"column":54}},{"start":{"line":32,"column":14},"end":{"line":32,"column":33}}]},"1":{"loc":{"start":{"line":35,"column":15},"end":{"line":35,"column":70}},"type":"binary-expr","locations":[{"start":{"line":35,"column":15},"end":{"line":35,"column":26}},{"start":{"line":35,"column":30},"end":{"line":35,"column":70}}]},"2":{"loc":{"start":{"line":36,"column":15},"end":{"line":37,"column":null}},"type":"binary-expr","locations":[{"start":{"line":36,"column":15},"end":{"line":36,"column":32}},{"start":{"line":37,"column":16},"end":{"line":37,"column":74}}]},"3":{"loc":{"start":{"line":40,"column":13},"end":{"line":41,"column":null}},"type":"binary-expr","locations":[{"start":{"line":40,"column":13},"end":{"line":40,"column":25}},{"start":{"line":41,"column":14},"end":{"line":41,"column":77}}]},"4":{"loc":{"start":{"line":43,"column":13},"end":{"line":43,"column":53}},"type":"binary-expr","locations":[{"start":{"line":43,"column":13},"end":{"line":43,"column":27}},{"start":{"line":43,"column":31},"end":{"line":43,"column":53}}]}},"s":{"0":0,"1":0,"2":0,"3":0,"4":0,"5":0},"f":{"0":0,"1":0},"b":{"0":[0,0],"1":[0,0],"2":[0,0],"3":[0,0],"4":[0,0]}}
,"/Users/mac/Desktop/chatApp/frontend/src/components/ui/tooltip.tsx": {"path":"/Users/mac/Desktop/chatApp/frontend/src/components/ui/tooltip.tsx","statementMap":{"0":{"start":{"line":1,"column":0},"end":{"line":1,"column":67}},"1":{"start":{"line":2,"column":0},"end":{"line":2,"column":30}},"2":{"start":{"line":13,"column":13},"end":{"line":46,"column":null}},"3":{"start":{"line":24,"column":8},"end":{"line":24,"column":13}},"4":{"start":{"line":26,"column":4},"end":{"line":26,"column":null}},"5":{"start":{"line":26,"column":18},"end":{"line":26,"column":null}},"6":{"start":{"line":28,"column":4},"end":{"line":44,"column":null}}},"fnMap":{"0":{"name":"Tooltip","decl":{"start":{"line":14,"column":11},"end":{"line":14,"column":18}},"loc":{"start":{"line":14,"column":29},"end":{"line":45,"column":3}}}},"branchMap":{"0":{"loc":{"start":{"line":19,"column":6},"end":{"line":19,"column":22}},"type":"default-arg","locations":[{"start":{"line":19,"column":18},"end":{"line":19,"column":22}}]},"1":{"loc":{"start":{"line":26,"column":4},"end":{"line":26,"column":null}},"type":"if","locations":[{"start":{"line":26,"column":4},"end":{"line":26,"column":null}},{"start":{},"end":{}}]},"2":{"loc":{"start":{"line":34,"column":15},"end":{"line":37,"column":null}},"type":"binary-expr","locations":[{"start":{"line":34,"column":15},"end":{"line":34,"column":24}},{"start":{"line":35,"column":16},"end":{"line":36,"column":null}}]}},"s":{"0":0,"1":0,"2":0,"3":0,"4":0,"5":0,"6":0},"f":{"0":0},"b":{"0":[0],"1":[0,0],"2":[0,0]}}
,"/Users/mac/Desktop/chatApp/frontend/src/tests/test-utils/render.tsx": {"path":"/Users/mac/Desktop/chatApp/frontend/src/tests/test-utils/render.tsx","statementMap":{"0":{"start":{"line":4,"column":0},"end":{"line":4,"column":16}},"1":{"start":{"line":1,"column":0},"end":{"line":1,"column":55}},"2":{"start":{"line":2,"column":0},"end":{"line":2,"column":60}},"3":{"start":{"line":5,"column":2},"end":{"line":9,"column":null}},"4":{"start":{"line":7,"column":6},"end":{"line":7,"column":43}}},"fnMap":{"0":{"name":"render","decl":{"start":{"line":4,"column":16},"end":{"line":4,"column":22}},"loc":{"start":{"line":4,"column":42},"end":{"line":10,"column":1}}},"1":{"name":"(anonymous_1)","decl":{"start":{"line":6,"column":13},"end":{"line":6,"column":14}},"loc":{"start":{"line":7,"column":6},"end":{"line":7,"column":43}}}},"branchMap":{},"s":{"0":2,"1":2,"2":2,"3":13,"4":13},"f":{"0":13,"1":13},"b":{}}
}
