TN:
SF:src/App.tsx
FN:6,(anonymous_0)
FNF:1
FNH:0
FNDA:0,(anonymous_0)
DA:1,0
DA:2,0
DA:3,0
DA:4,0
DA:5,0
DA:6,0
DA:7,0
DA:16,0
LF:8
LH:0
BRF:0
BRH:0
end_of_record
TN:
SF:src/main.tsx
FNF:0
FNH:0
DA:1,0
DA:2,0
DA:3,0
DA:4,0
DA:5,0
DA:6,0
DA:8,0
LF:7
LH:0
BRF:0
BRH:0
end_of_record
TN:
SF:src/vite-env.d.ts
FNF:0
FNH:0
LF:0
LH:0
BRF:0
BRH:0
end_of_record
TN:
SF:src/Pages/ChatPage.tsx
FN:1,(anonymous_0)
FNF:1
FNH:0
FNDA:0,(anonymous_0)
DA:1,0
DA:2,0
DA:5,0
LF:3
LH:0
BRF:0
BRH:0
end_of_record
TN:
SF:src/Pages/HomePage.tsx
FN:8,(anonymous_0)
FNF:1
FNH:0
FNDA:0,(anonymous_0)
DA:1,0
DA:2,0
DA:3,0
DA:4,0
DA:5,0
DA:6,0
DA:8,0
DA:9,0
DA:58,0
LF:9
LH:0
BRF:0
BRH:0
end_of_record
TN:
SF:src/components/Authentication/Login.tsx
FN:19,(anonymous_0)
FN:26,(anonymous_1)
FN:92,(anonymous_2)
FN:103,(anonymous_3)
FN:127,(anonymous_4)
FNF:5
FNH:5
FNDA:49,(anonymous_0)
FNDA:3,(anonymous_1)
FNDA:28,(anonymous_2)
FNDA:11,(anonymous_3)
FNDA:1,(anonymous_4)
DA:1,1
DA:2,1
DA:3,1
DA:4,1
DA:5,1
DA:6,1
DA:7,1
DA:19,1
DA:20,49
DA:21,49
DA:22,49
DA:24,49
DA:26,49
DA:27,3
DA:28,3
DA:30,3
DA:31,1
DA:37,1
DA:38,1
DA:41,2
DA:42,2
DA:47,1
DA:54,1
DA:55,1
DA:56,1
DA:58,2
DA:69,1
DA:78,2
DA:82,49
DA:92,28
DA:103,11
DA:128,1
DA:129,1
DA:139,1
LF:34
LH:34
BRDA:30,0,0,1
BRDA:30,0,1,2
BRDA:30,1,0,3
BRDA:30,1,1,2
BRDA:58,2,0,1
BRDA:58,2,1,1
BRDA:59,3,0,2
BRDA:59,3,1,2
BRDA:59,3,2,2
BRDA:59,3,3,1
BRDA:59,3,4,1
BRDA:59,3,5,1
BRDA:59,3,6,1
BRDA:59,3,7,1
BRDA:59,3,8,1
BRF:15
BRH:15
end_of_record
TN:
SF:src/components/Authentication/SignUp.tsx
FN:23,(anonymous_0)
FN:38,(anonymous_1)
FN:72,(anonymous_2)
FN:150,(anonymous_3)
FN:162,(anonymous_4)
FN:173,(anonymous_5)
FN:184,(anonymous_6)
FN:195,(anonymous_7)
FNF:8
FNH:8
FNDA:183,(anonymous_0)
FNDA:7,(anonymous_1)
FNDA:4,(anonymous_2)
FNDA:21,(anonymous_3)
FNDA:90,(anonymous_4)
FNDA:24,(anonymous_5)
FNDA:23,(anonymous_6)
FNDA:7,(anonymous_7)
DA:1,1
DA:2,1
DA:3,1
DA:4,1
DA:5,1
DA:6,1
DA:7,1
DA:8,1
DA:9,1
DA:23,1
DA:27,183
DA:28,183
DA:29,183
DA:30,183
DA:31,183
DA:32,183
DA:35,183
DA:38,183
DA:39,7
DA:40,7
DA:41,1
DA:47,1
DA:50,6
DA:51,6
DA:52,6
DA:53,6
DA:55,6
DA:56,6
DA:60,4
DA:61,4
DA:62,4
DA:63,4
DA:65,2
DA:66,2
DA:68,6
DA:72,183
DA:73,4
DA:74,4
DA:76,4
DA:77,1
DA:83,1
DA:84,1
DA:87,3
DA:88,1
DA:94,1
DA:95,1
DA:98,2
DA:99,2
DA:106,1
DA:113,1
DA:114,1
DA:115,1
DA:117,2
DA:128,1
DA:137,2
DA:141,183
DA:150,21
DA:162,90
DA:173,24
DA:184,23
DA:196,7
DA:223,1
LF:62
LH:62
BRDA:40,0,0,1
BRDA:40,0,1,6
BRDA:50,1,0,6
BRDA:50,1,1,0
BRDA:50,2,0,6
BRDA:50,2,1,6
BRDA:76,3,0,1
BRDA:76,3,1,3
BRDA:76,4,0,4
BRDA:76,4,1,3
BRDA:76,4,2,3
BRDA:76,4,3,3
BRDA:87,5,0,1
BRDA:87,5,1,2
BRDA:117,6,0,1
BRDA:117,6,1,1
BRDA:118,7,0,2
BRDA:118,7,1,2
BRDA:118,7,2,2
BRDA:118,7,3,1
BRDA:118,7,4,1
BRDA:118,7,5,1
BRDA:118,7,6,1
BRDA:118,7,7,1
BRDA:118,7,8,1
BRF:25
BRH:24
end_of_record
TN:
SF:src/components/ui/color-mode.tsx
FN:12,ColorModeProvider
FN:26,useColorMode
FN:29,(anonymous_2)
FN:39,useColorModeValue
FN:44,ColorModeIcon
FN:54,ColorModeButton
FN:79,LightMode
FN:95,DarkMode
FNF:8
FNH:1
FNDA:13,ColorModeProvider
FNDA:0,useColorMode
FNDA:0,(anonymous_2)
FNDA:0,useColorModeValue
FNDA:0,ColorModeIcon
FNDA:0,ColorModeButton
FNDA:0,LightMode
FNDA:0,DarkMode
DA:4,2
DA:5,2
DA:7,2
DA:8,2
DA:12,2
DA:13,13
DA:26,2
DA:27,0
DA:28,0
DA:29,0
DA:30,0
DA:32,0
DA:39,2
DA:40,0
DA:41,0
DA:44,2
DA:45,0
DA:46,0
DA:51,2
DA:55,0
DA:56,0
DA:78,2
DA:80,0
DA:94,2
DA:96,0
LF:25
LH:12
BRDA:28,0,0,0
BRDA:28,0,1,0
BRDA:30,1,0,0
BRDA:30,1,1,0
BRDA:41,2,0,0
BRDA:41,2,1,0
BRDA:46,3,0,0
BRDA:46,3,1,0
BRF:8
BRH:0
end_of_record
TN:
SF:src/components/ui/password-input.tsx
FN:38,PasswordInput
FN:61,(anonymous_1)
FN:83,VisibilityTrigger
FN:108,PasswordStrengthMeter
FN:117,(anonymous_4)
FN:138,getColorPalette
FNF:6
FNH:2
FNDA:410,PasswordInput
FNDA:0,(anonymous_1)
FNDA:410,VisibilityTrigger
FNDA:0,PasswordStrengthMeter
FNDA:0,(anonymous_4)
FNDA:0,getColorPalette
DA:9,2
DA:19,2
DA:20,2
DA:35,2
DA:46,410
DA:48,410
DA:54,410
DA:56,410
DA:62,0
DA:63,0
DA:64,0
DA:65,0
DA:82,2
DA:84,410
DA:105,2
DA:109,0
DA:111,0
DA:112,0
DA:114,0
DA:118,0
DA:139,0
DA:141,0
DA:143,0
DA:145,0
LF:24
LH:11
BRDA:44,0,0,410
BRDA:50,1,0,410
BRDA:50,1,1,410
BRDA:62,2,0,0
BRDA:62,2,1,0
BRDA:63,3,0,0
BRDA:63,3,1,0
BRDA:68,4,0,0
BRDA:68,4,1,410
BRDA:76,5,0,0
BRDA:76,5,1,410
BRDA:109,6,0,0
BRDA:123,7,0,0
BRDA:123,7,1,0
BRDA:133,8,0,0
BRDA:133,8,1,0
BRDA:139,9,0,0
BRDA:139,9,1,0
BRDA:139,9,2,0
BRF:19
BRH:5
end_of_record
TN:
SF:src/components/ui/provider.tsx
FN:9,Provider
FNF:1
FNH:1
FNDA:13,Provider
DA:3,2
DA:4,2
DA:9,2
DA:10,13
LF:4
LH:4
BRF:0
BRH:0
end_of_record
TN:
SF:src/components/ui/toaster.tsx
FN:23,(anonymous_0)
FN:27,(anonymous_1)
FNF:2
FNH:0
FNDA:0,(anonymous_0)
FNDA:0,(anonymous_1)
DA:3,0
DA:12,0
DA:23,0
DA:24,0
DA:28,0
LF:5
LH:0
BRDA:29,0,0,0
BRDA:29,0,1,0
BRDA:35,1,0,0
BRDA:35,1,1,0
BRDA:36,2,0,0
BRDA:36,2,1,0
BRDA:40,3,0,0
BRDA:40,3,1,0
BRDA:43,4,0,0
BRDA:43,4,1,0
BRF:10
BRH:0
end_of_record
TN:
SF:src/components/ui/tooltip.tsx
FN:14,Tooltip
FNF:1
FNH:0
FNDA:0,Tooltip
DA:1,0
DA:2,0
DA:13,0
DA:24,0
DA:26,0
DA:28,0
LF:6
LH:0
BRDA:19,0,0,0
BRDA:26,1,0,0
BRDA:26,1,1,0
BRDA:34,2,0,0
BRDA:34,2,1,0
BRF:5
BRH:0
end_of_record
TN:
SF:src/tests/test-utils/render.tsx
FN:4,render
FN:6,(anonymous_1)
FNF:2
FNH:2
FNDA:13,render
FNDA:13,(anonymous_1)
DA:1,2
DA:2,2
DA:4,2
DA:5,13
DA:7,13
LF:5
LH:5
BRF:0
BRH:0
end_of_record
